<?xml version="1.0" encoding="UTF-8"?>
<!-- Generated by org.testng.reporters.JUnitReportReporter -->
<testsuite hostname="LAPTOP-JAVOMRIU" failures="0" tests="3" name="rahulshettyacademy.tests.SubmitOrderTest" time="18.718" errors="0" timestamp="2024-03-29T20:05:17 IST" skipped="0">
  <testcase classname="rahulshettyacademy.tests.SubmitOrderTest" name="submitOrder" time="7.089"/>
  <testcase classname="rahulshettyacademy.tests.SubmitOrderTest" name="submitOrder" time="6.830"/>
  <testcase classname="rahulshettyacademy.tests.SubmitOrderTest" name="OrderHistoryTest" time="4.799"/>
</testsuite> <!-- rahulshettyacademy.tests.SubmitOrderTest -->
