<?xml version="1.0" encoding="UTF-8"?>
<!-- Generated by org.testng.reporters.JUnitReportReporter -->
<testsuite hostname="LAPTOP-JAVOMRIU" failures="0" tests="1" name="rahulshettyacademy.tests.ErrorValidationsTest" time="5.254" errors="0" timestamp="2024-03-27T13:12:06 IST" skipped="0">
  <testcase classname="rahulshettyacademy.tests.ErrorValidationsTest" name="LoginErrorValidation" time="5.254"/>
</testsuite> <!-- rahulshettyacademy.tests.ErrorValidationsTest -->
